This file contains any messages produced by compilers while
running configure, to aid debugging if configure makes a mistake.

It was created by configure, which was
generated by GNU Autoconf 2.61.  Invocation command line was

  $ ./configure 

## --------- ##
## Platform. ##
## --------- ##

hostname = nota-xubuntu
uname -m = i686
uname -r = 2.6.24-23-generic
uname -s = Linux
uname -v = #1 SMP Thu Nov 27 18:44:42 UTC 2008

/usr/bin/uname -p = unknown
/bin/uname -X     = unknown

/bin/arch              = unknown
/usr/bin/arch -k       = unknown
/usr/convex/getsysinfo = unknown
/usr/bin/hostinfo      = unknown
/bin/machine           = unknown
/usr/bin/oslevel       = unknown
/bin/universe          = unknown

PATH: /home/nota/bin
PATH: /usr/local/sbin
PATH: /usr/local/bin
PATH: /usr/sbin
PATH: /usr/bin
PATH: /sbin
PATH: /bin
PATH: /usr/games
PATH: /home/nota/bin
PATH: /home/nota/PROG/jdk1.6.0_13/bin
PATH: /home/nota/PROG/jdk1.6.0_13
PATH: /home/nota/PROG/eclipse


## ----------- ##
## Core tests. ##
## ----------- ##

configure:2007: checking for a BSD-compatible install
configure:2063: result: /usr/bin/install -c
configure:2074: checking whether build environment is sane
configure:2117: result: yes
configure:2145: checking for a thread-safe mkdir -p
configure:2184: result: /bin/mkdir -p
configure:2197: checking for gawk
configure:2227: result: no
configure:2197: checking for mawk
configure:2213: found /usr/bin/mawk
configure:2224: result: mawk
configure:2235: checking whether make sets $(MAKE)
configure:2256: result: yes
configure:2518: checking for gcc
configure:2534: found /usr/bin/gcc
configure:2545: result: gcc
configure:2783: checking for C compiler version
configure:2790: gcc --version >&5
gcc (GCC) 4.2.4 (Ubuntu 4.2.4-1ubuntu3)
Copyright (C) 2007 Free Software Foundation, Inc.
This is free software; see the source for copying conditions.  There is NO
warranty; not even for MERCHANTABILITY or FITNESS FOR A PARTICULAR PURPOSE.

configure:2793: $? = 0
configure:2800: gcc -v >&5
Using built-in specs.
Target: i486-linux-gnu
Configured with: ../src/configure -v --enable-languages=c,c++,fortran,objc,obj-c++,treelang --prefix=/usr --enable-shared --with-system-zlib --libexecdir=/usr/lib --without-included-gettext --enable-threads=posix --enable-nls --with-gxx-include-dir=/usr/include/c++/4.2 --program-suffix=-4.2 --enable-clocale=gnu --enable-libstdcxx-debug --enable-objc-gc --enable-mpfr --enable-targets=all --enable-checking=release --build=i486-linux-gnu --host=i486-linux-gnu --target=i486-linux-gnu
Thread model: posix
gcc version 4.2.4 (Ubuntu 4.2.4-1ubuntu3)
configure:2803: $? = 0
configure:2810: gcc -V >&5
gcc: '-V' option must have argument
configure:2813: $? = 1
configure:2836: checking for C compiler default output file name
configure:2863: gcc    conftest.c  >&5
configure:2866: $? = 0
configure:2904: result: a.out
configure:2921: checking whether the C compiler works
configure:2931: ./a.out
configure:2934: $? = 0
configure:2951: result: yes
configure:2958: checking whether we are cross compiling
configure:2960: result: no
configure:2963: checking for suffix of executables
configure:2970: gcc -o conftest    conftest.c  >&5
configure:2973: $? = 0
configure:2997: result: 
configure:3003: checking for suffix of object files
configure:3029: gcc -c   conftest.c >&5
configure:3032: $? = 0
configure:3055: result: o
configure:3059: checking whether we are using the GNU C compiler
configure:3088: gcc -c   conftest.c >&5
configure:3094: $? = 0
configure:3111: result: yes
configure:3116: checking whether gcc accepts -g
configure:3146: gcc -c -g  conftest.c >&5
configure:3152: $? = 0
configure:3251: result: yes
configure:3268: checking for gcc option to accept ISO C89
configure:3342: gcc  -c -g -O2  conftest.c >&5
configure:3348: $? = 0
configure:3371: result: none needed
configure:3400: checking for style of include used by make
configure:3428: result: GNU
configure:3453: checking dependency style of gcc
configure:3544: result: gcc3
configure:3560: checking whether gcc and cc understand -c and -o together
configure:3595: gcc -c conftest.c -o conftest2.o >&5
configure:3598: $? = 0
configure:3604: gcc -c conftest.c -o conftest2.o >&5
configure:3607: $? = 0
configure:3618: cc -c conftest.c >&5
configure:3621: $? = 0
configure:3629: cc -c conftest.c -o conftest2.o >&5
configure:3632: $? = 0
configure:3638: cc -c conftest.c -o conftest2.o >&5
configure:3641: $? = 0
configure:3659: result: yes
configure:3698: checking for a BSD-compatible install
configure:3754: result: /usr/bin/install -c
configure:3769: checking for gawk
configure:3796: result: mawk
configure:3885: checking build system type
configure:3903: result: i686-pc-linux-gnu
configure:3925: checking host system type
configure:3940: result: i686-pc-linux-gnu
configure:3962: checking for a sed that does not truncate output
configure:4018: result: /bin/sed
configure:4021: checking for grep that handles long lines and -e
configure:4095: result: /bin/grep
configure:4100: checking for egrep
configure:4178: result: /bin/grep -E
configure:4194: checking for ld used by gcc
configure:4261: result: /usr/bin/ld
configure:4270: checking if the linker (/usr/bin/ld) is GNU ld
configure:4285: result: yes
configure:4290: checking for /usr/bin/ld option to reload object files
configure:4297: result: -r
configure:4315: checking for BSD-compatible nm
configure:4364: result: /usr/bin/nm -B
configure:4368: checking whether ln -s works
configure:4372: result: yes
configure:4379: checking how to recognize dependent libraries
configure:4565: result: pass_all
configure:4810: checking how to run the C preprocessor
configure:4850: gcc -E  conftest.c
configure:4856: $? = 0
configure:4887: gcc -E  conftest.c
conftest.c:10:28: error: ac_nonexistent.h: No such file or directory
configure:4893: $? = 1
configure: failed program was:
| /* confdefs.h.  */
| #define PACKAGE_NAME ""
| #define PACKAGE_TARNAME ""
| #define PACKAGE_VERSION ""
| #define PACKAGE_STRING ""
| #define PACKAGE_BUGREPORT ""
| #define PACKAGE "sibd"
| #define VERSION "0.4"
| /* end confdefs.h.  */
| #include <ac_nonexistent.h>
configure:4926: result: gcc -E
configure:4955: gcc -E  conftest.c
configure:4961: $? = 0
configure:4992: gcc -E  conftest.c
conftest.c:10:28: error: ac_nonexistent.h: No such file or directory
configure:4998: $? = 1
configure: failed program was:
| /* confdefs.h.  */
| #define PACKAGE_NAME ""
| #define PACKAGE_TARNAME ""
| #define PACKAGE_VERSION ""
| #define PACKAGE_STRING ""
| #define PACKAGE_BUGREPORT ""
| #define PACKAGE "sibd"
| #define VERSION "0.4"
| /* end confdefs.h.  */
| #include <ac_nonexistent.h>
configure:5036: checking for ANSI C header files
configure:5066: gcc -c -g -O2  conftest.c >&5
configure:5072: $? = 0
configure:5171: gcc -o conftest -g -O2   conftest.c  >&5
configure:5174: $? = 0
configure:5180: ./conftest
configure:5183: $? = 0
configure:5200: result: yes
configure:5224: checking for sys/types.h
configure:5245: gcc -c -g -O2  conftest.c >&5
configure:5251: $? = 0
configure:5267: result: yes
configure:5224: checking for sys/stat.h
configure:5245: gcc -c -g -O2  conftest.c >&5
configure:5251: $? = 0
configure:5267: result: yes
configure:5224: checking for stdlib.h
configure:5245: gcc -c -g -O2  conftest.c >&5
configure:5251: $? = 0
configure:5267: result: yes
configure:5224: checking for string.h
configure:5245: gcc -c -g -O2  conftest.c >&5
configure:5251: $? = 0
configure:5267: result: yes
configure:5224: checking for memory.h
configure:5245: gcc -c -g -O2  conftest.c >&5
configure:5251: $? = 0
configure:5267: result: yes
configure:5224: checking for strings.h
configure:5245: gcc -c -g -O2  conftest.c >&5
configure:5251: $? = 0
configure:5267: result: yes
configure:5224: checking for inttypes.h
configure:5245: gcc -c -g -O2  conftest.c >&5
configure:5251: $? = 0
configure:5267: result: yes
configure:5224: checking for stdint.h
configure:5245: gcc -c -g -O2  conftest.c >&5
configure:5251: $? = 0
configure:5267: result: yes
configure:5224: checking for unistd.h
configure:5245: gcc -c -g -O2  conftest.c >&5
configure:5251: $? = 0
configure:5267: result: yes
configure:5294: checking dlfcn.h usability
configure:5311: gcc -c -g -O2  conftest.c >&5
configure:5317: $? = 0
configure:5331: result: yes
configure:5335: checking dlfcn.h presence
configure:5350: gcc -E  conftest.c
configure:5356: $? = 0
configure:5370: result: yes
configure:5398: checking for dlfcn.h
configure:5406: result: yes
configure:5477: checking for g++
configure:5493: found /usr/bin/g++
configure:5504: result: g++
configure:5535: checking for C++ compiler version
configure:5542: g++ --version >&5
g++ (GCC) 4.2.4 (Ubuntu 4.2.4-1ubuntu3)
Copyright (C) 2007 Free Software Foundation, Inc.
This is free software; see the source for copying conditions.  There is NO
warranty; not even for MERCHANTABILITY or FITNESS FOR A PARTICULAR PURPOSE.

configure:5545: $? = 0
configure:5552: g++ -v >&5
Using built-in specs.
Target: i486-linux-gnu
Configured with: ../src/configure -v --enable-languages=c,c++,fortran,objc,obj-c++,treelang --prefix=/usr --enable-shared --with-system-zlib --libexecdir=/usr/lib --without-included-gettext --enable-threads=posix --enable-nls --with-gxx-include-dir=/usr/include/c++/4.2 --program-suffix=-4.2 --enable-clocale=gnu --enable-libstdcxx-debug --enable-objc-gc --enable-mpfr --enable-targets=all --enable-checking=release --build=i486-linux-gnu --host=i486-linux-gnu --target=i486-linux-gnu
Thread model: posix
gcc version 4.2.4 (Ubuntu 4.2.4-1ubuntu3)
configure:5555: $? = 0
configure:5562: g++ -V >&5
g++: '-V' option must have argument
configure:5565: $? = 1
configure:5568: checking whether we are using the GNU C++ compiler
configure:5597: g++ -c   conftest.cpp >&5
configure:5603: $? = 0
configure:5620: result: yes
configure:5625: checking whether g++ accepts -g
configure:5655: g++ -c -g  conftest.cpp >&5
configure:5661: $? = 0
configure:5760: result: yes
configure:5785: checking dependency style of g++
configure:5876: result: gcc3
configure:5901: checking how to run the C++ preprocessor
configure:5937: g++ -E  conftest.cpp
configure:5943: $? = 0
configure:5974: g++ -E  conftest.cpp
conftest.cpp:21:28: error: ac_nonexistent.h: No such file or directory
configure:5980: $? = 1
configure: failed program was:
| /* confdefs.h.  */
| #define PACKAGE_NAME ""
| #define PACKAGE_TARNAME ""
| #define PACKAGE_VERSION ""
| #define PACKAGE_STRING ""
| #define PACKAGE_BUGREPORT ""
| #define PACKAGE "sibd"
| #define VERSION "0.4"
| #define STDC_HEADERS 1
| #define HAVE_SYS_TYPES_H 1
| #define HAVE_SYS_STAT_H 1
| #define HAVE_STDLIB_H 1
| #define HAVE_STRING_H 1
| #define HAVE_MEMORY_H 1
| #define HAVE_STRINGS_H 1
| #define HAVE_INTTYPES_H 1
| #define HAVE_STDINT_H 1
| #define HAVE_UNISTD_H 1
| #define HAVE_DLFCN_H 1
| /* end confdefs.h.  */
| #include <ac_nonexistent.h>
configure:6013: result: g++ -E
configure:6042: g++ -E  conftest.cpp
configure:6048: $? = 0
configure:6079: g++ -E  conftest.cpp
conftest.cpp:21:28: error: ac_nonexistent.h: No such file or directory
configure:6085: $? = 1
configure: failed program was:
| /* confdefs.h.  */
| #define PACKAGE_NAME ""
| #define PACKAGE_TARNAME ""
| #define PACKAGE_VERSION ""
| #define PACKAGE_STRING ""
| #define PACKAGE_BUGREPORT ""
| #define PACKAGE "sibd"
| #define VERSION "0.4"
| #define STDC_HEADERS 1
| #define HAVE_SYS_TYPES_H 1
| #define HAVE_SYS_STAT_H 1
| #define HAVE_STDLIB_H 1
| #define HAVE_STRING_H 1
| #define HAVE_MEMORY_H 1
| #define HAVE_STRINGS_H 1
| #define HAVE_INTTYPES_H 1
| #define HAVE_STDINT_H 1
| #define HAVE_UNISTD_H 1
| #define HAVE_DLFCN_H 1
| /* end confdefs.h.  */
| #include <ac_nonexistent.h>
configure:6178: checking for g77
configure:6208: result: no
configure:6178: checking for xlf
configure:6208: result: no
configure:6178: checking for f77
configure:6208: result: no
configure:6178: checking for frt
configure:6208: result: no
configure:6178: checking for pgf77
configure:6208: result: no
configure:6178: checking for cf77
configure:6208: result: no
configure:6178: checking for fort77
configure:6208: result: no
configure:6178: checking for fl32
configure:6208: result: no
configure:6178: checking for af77
configure:6208: result: no
configure:6178: checking for xlf90
configure:6208: result: no
configure:6178: checking for f90
configure:6208: result: no
configure:6178: checking for pgf90
configure:6208: result: no
configure:6178: checking for pghpf
configure:6208: result: no
configure:6178: checking for epcf90
configure:6208: result: no
configure:6178: checking for gfortran
configure:6208: result: no
configure:6178: checking for g95
configure:6208: result: no
configure:6178: checking for xlf95
configure:6208: result: no
configure:6178: checking for f95
configure:6208: result: no
configure:6178: checking for fort
configure:6208: result: no
configure:6178: checking for ifort
configure:6208: result: no
configure:6178: checking for ifc
configure:6208: result: no
configure:6178: checking for efc
configure:6208: result: no
configure:6178: checking for pgf95
configure:6208: result: no
configure:6178: checking for lf95
configure:6208: result: no
configure:6178: checking for ftn
configure:6208: result: no
configure:6235: checking for Fortran 77 compiler version
configure:6242:  --version >&5
./configure: line 6243: --version: command not found
configure:6245: $? = 127
configure:6252:  -v >&5
./configure: line 6253: -v: command not found
configure:6255: $? = 127
configure:6262:  -V >&5
./configure: line 6263: -V: command not found
configure:6265: $? = 127
configure:6273: checking whether we are using the GNU Fortran 77 compiler
configure:6292:  -c  conftest.F >&5
./configure: line 6293: -c: command not found
configure:6298: $? = 127
configure: failed program was:
|       program main
| #ifndef __GNUC__
|        choke me
| #endif
| 
|       end
configure:6315: result: no
configure:6321: checking whether  accepts -g
configure:6338:  -c -g conftest.f >&5
./configure: line 6339: -c: command not found
configure:6344: $? = 127
configure: failed program was:
|       program main
| 
|       end
configure:6360: result: no
configure:6389: checking the maximum length of command line arguments
configure:6501: result: 98304
configure:6513: checking command to parse /usr/bin/nm -B output from gcc object
configure:6618: gcc -c -g -O2  conftest.c >&5
configure:6621: $? = 0
configure:6625: /usr/bin/nm -B conftest.o \| sed -n -e 's/^.*[ 	]\([ABCDGIRSTW][ABCDGIRSTW]*\)[ 	][ 	]*\([_A-Za-z][_A-Za-z0-9]*\)$/\1 \2 \2/p' \> conftest.nm
configure:6628: $? = 0
configure:6680: gcc -o conftest -g -O2   conftest.c conftstm.o >&5
configure:6683: $? = 0
configure:6721: result: ok
configure:6725: checking for objdir
configure:6740: result: .libs
configure:6832: checking for ar
configure:6848: found /usr/bin/ar
configure:6859: result: ar
configure:6928: checking for ranlib
configure:6944: found /usr/bin/ranlib
configure:6955: result: ranlib
configure:7024: checking for strip
configure:7040: found /usr/bin/strip
configure:7051: result: strip
configure:7649: checking if gcc supports -fno-rtti -fno-exceptions
configure:7667: gcc -c -g -O2  -fno-rtti -fno-exceptions conftest.c >&5
cc1: warning: command line option "-fno-rtti" is valid for C++/ObjC++ but not for C
configure:7671: $? = 0
configure:7684: result: no
configure:7699: checking for gcc option to produce PIC
configure:7931: result: -fPIC
configure:7939: checking if gcc PIC flag -fPIC works
configure:7957: gcc -c -g -O2  -fPIC -DPIC conftest.c >&5
configure:7961: $? = 0
configure:7974: result: yes
configure:8002: checking if gcc static flag -static works
configure:8030: result: yes
configure:8040: checking if gcc supports -c -o file.o
configure:8061: gcc -c -g -O2  -o out/conftest2.o conftest.c >&5
configure:8065: $? = 0
configure:8087: result: yes
configure:8113: checking whether the gcc linker (/usr/bin/ld) supports shared libraries
configure:9094: result: yes
configure:9115: checking whether -lc should be explicitly linked in
configure:9120: gcc -c -g -O2  conftest.c >&5
configure:9123: $? = 0
configure:9138: gcc -shared conftest.o  -v -Wl,-soname -Wl,conftest -o conftest 2\>\&1 \| grep  -lc  \>/dev/null 2\>\&1
configure:9141: $? = 0
configure:9153: result: no
configure:9161: checking dynamic linker characteristics
configure:9775: result: GNU/Linux ld.so
configure:9799: checking how to hardcode library paths into programs
configure:9824: result: immediate
configure:9838: checking whether stripping libraries is possible
configure:9843: result: yes
configure:10645: checking if libtool supports shared libraries
configure:10647: result: yes
configure:10650: checking whether to build shared libraries
configure:10671: result: yes
configure:10674: checking whether to build static libraries
configure:10678: result: yes
configure:10772: creating libtool
configure:11365: checking for ld used by g++
configure:11432: result: /usr/bin/ld
configure:11441: checking if the linker (/usr/bin/ld) is GNU ld
configure:11456: result: yes
configure:11507: checking whether the g++ linker (/usr/bin/ld) supports shared libraries
configure:12453: result: yes
configure:12470: g++ -c -g -O2  conftest.cpp >&5
configure:12473: $? = 0
configure:12629: checking for g++ option to produce PIC
configure:12913: result: -fPIC
configure:12921: checking if g++ PIC flag -fPIC works
configure:12939: g++ -c -g -O2  -fPIC -DPIC conftest.cpp >&5
configure:12943: $? = 0
configure:12956: result: yes
configure:12984: checking if g++ static flag -static works
configure:13012: result: yes
configure:13022: checking if g++ supports -c -o file.o
configure:13043: g++ -c -g -O2  -o out/conftest2.o conftest.cpp >&5
configure:13047: $? = 0
configure:13069: result: yes
configure:13095: checking whether the g++ linker (/usr/bin/ld) supports shared libraries
configure:13124: result: yes
configure:13191: checking dynamic linker characteristics
configure:13753: result: GNU/Linux ld.so
configure:13777: checking how to hardcode library paths into programs
configure:13802: result: immediate
configure:20092: checking for ranlib
configure:20119: result: ranlib
configure:20149: checking for ANSI C header files
configure:20313: result: yes
configure:20341: checking limits.h usability
configure:20358: gcc -c -g -O2  conftest.c >&5
configure:20364: $? = 0
configure:20378: result: yes
configure:20382: checking limits.h presence
configure:20397: gcc -E  conftest.c
configure:20403: $? = 0
configure:20417: result: yes
configure:20445: checking for limits.h
configure:20453: result: yes
configure:20331: checking for stdlib.h
configure:20337: result: yes
configure:20331: checking for string.h
configure:20337: result: yes
configure:20331: checking for unistd.h
configure:20337: result: yes
configure:20474: checking for iconv
configure:20530: gcc -o conftest -g -O2   conftest.c  >&5
configure:20536: $? = 0
configure:20554: result: yes
configure:20579: checking iconv.h usability
configure:20596: gcc -c -g -O2  conftest.c >&5
configure:20602: $? = 0
configure:20616: result: yes
configure:20620: checking iconv.h presence
configure:20635: gcc -E  conftest.c
configure:20641: $? = 0
configure:20655: result: yes
configure:20683: checking for iconv.h
configure:20691: result: yes
configure:20705: checking for main in -liconv
configure:20734: gcc -o conftest -g -O2   conftest.c -liconv   >&5
/usr/bin/ld: cannot find -liconv
collect2: ld returned 1 exit status
configure:20740: $? = 1
configure: failed program was:
| /* confdefs.h.  */
| #define PACKAGE_NAME ""
| #define PACKAGE_TARNAME ""
| #define PACKAGE_VERSION ""
| #define PACKAGE_STRING ""
| #define PACKAGE_BUGREPORT ""
| #define PACKAGE "sibd"
| #define VERSION "0.4"
| #define STDC_HEADERS 1
| #define HAVE_SYS_TYPES_H 1
| #define HAVE_SYS_STAT_H 1
| #define HAVE_STDLIB_H 1
| #define HAVE_STRING_H 1
| #define HAVE_MEMORY_H 1
| #define HAVE_STRINGS_H 1
| #define HAVE_INTTYPES_H 1
| #define HAVE_STDINT_H 1
| #define HAVE_UNISTD_H 1
| #define HAVE_DLFCN_H 1
| #define STDC_HEADERS 1
| #define HAVE_LIMITS_H 1
| #define HAVE_STDLIB_H 1
| #define HAVE_STRING_H 1
| #define HAVE_UNISTD_H 1
| #define HAVE_ICONV 1
| #define HAVE_ICONV_H 1
| /* end confdefs.h.  */
| 
| 
| int
| main ()
| {
| return main ();
|   ;
|   return 0;
| }
configure:20758: result: no
configure:20788: checking pthread.h usability
configure:20805: gcc -c -g -O2  conftest.c >&5
configure:20811: $? = 0
configure:20825: result: yes
configure:20829: checking pthread.h presence
configure:20844: gcc -E  conftest.c
configure:20850: $? = 0
configure:20864: result: yes
configure:20892: checking for pthread.h
configure:20900: result: yes
configure:20918: checking for main in -lpthread
configure:20947: gcc -o conftest -g -O2   conftest.c -lpthread   >&5
configure:20953: $? = 0
configure:20971: result: yes
configure:21001: checking cpiglet.h usability
configure:21018: gcc -c -g -O2  conftest.c >&5
configure:21024: $? = 0
configure:21038: result: yes
configure:21042: checking cpiglet.h presence
configure:21057: gcc -E  conftest.c
configure:21063: $? = 0
configure:21077: result: yes
configure:21105: checking for cpiglet.h
configure:21113: result: yes
configure:21131: checking for main in -lpiglet
configure:21160: gcc -o conftest -g -O2   conftest.c -lpiglet  -lpthread  >&5
configure:21166: $? = 0
configure:21184: result: yes
configure:21316: checking for pkg-config
configure:21334: found /usr/bin/pkg-config
configure:21346: result: /usr/bin/pkg-config
configure:21375: checking pkg-config is at least version 0.9.0
configure:21378: result: yes
configure:21389: checking for GNOME
configure:21401: $PKG_CONFIG --exists --print-errors "
	glib-2.0 >= 2.8.6
	dbus-1 >= 0.61
	dbus-glib-1 >= 0.61
"
configure:21408: $? = 0
configure:21431: $PKG_CONFIG --exists --print-errors "
	glib-2.0 >= 2.8.6
	dbus-1 >= 0.61
	dbus-glib-1 >= 0.61
"
configure:21438: $? = 0
configure:21534: result: yes
configure:21544: checking for WHITEBOARD
configure:21554: $PKG_CONFIG --exists --print-errors "
	libm3_parse_n_gen = 2.0-beta1
"
configure:21559: $? = 0
configure:21578: $PKG_CONFIG --exists --print-errors "
	libm3_parse_n_gen = 2.0-beta1
"
configure:21583: $? = 0
configure:21669: result: yes
configure:21679: checking for LIBSIB
configure:21689: $PKG_CONFIG --exists --print-errors "
	libsib = 2.0-beta1
"
configure:21694: $? = 0
configure:21713: $PKG_CONFIG --exists --print-errors "
	libsib = 2.0-beta1
"
configure:21718: $? = 0
configure:21804: result: yes
configure:21824: checking for an ANSI C-conforming const
configure:21899: gcc -c -g -O2  conftest.c >&5
configure:21905: $? = 0
configure:21920: result: yes
configure:21930: checking for inline
configure:21956: gcc -c -g -O2  conftest.c >&5
configure:21962: $? = 0
configure:21980: result: inline
configure:21999: checking whether struct tm is in sys/time.h or time.h
configure:22029: gcc -c -g -O2  conftest.c >&5
configure:22035: $? = 0
configure:22050: result: time.h
configure:22295: creating ./config.status

## ---------------------- ##
## Running config.status. ##
## ---------------------- ##

This file was extended by config.status, which was
generated by GNU Autoconf 2.61.  Invocation command line was

  CONFIG_FILES    = 
  CONFIG_HEADERS  = 
  CONFIG_LINKS    = 
  CONFIG_COMMANDS = 
  $ ./config.status 

on nota-xubuntu

config.status:686: creating Makefile
config.status:686: creating include/Makefile
config.status:686: creating src/Makefile
config.status:686: creating etc/Makefile
config.status:686: creating python/Makefile
config.status:686: creating config.h
config.status:926: config.h is unchanged
config.status:973: executing depfiles commands

## ---------------- ##
## Cache variables. ##
## ---------------- ##

ac_cv_build=i686-pc-linux-gnu
ac_cv_c_compiler_gnu=yes
ac_cv_c_const=yes
ac_cv_c_inline=inline
ac_cv_cxx_compiler_gnu=yes
ac_cv_env_CCC_set=
ac_cv_env_CCC_value=
ac_cv_env_CC_set=
ac_cv_env_CC_value=
ac_cv_env_CFLAGS_set=
ac_cv_env_CFLAGS_value=
ac_cv_env_CPPFLAGS_set=
ac_cv_env_CPPFLAGS_value=
ac_cv_env_CPP_set=
ac_cv_env_CPP_value=
ac_cv_env_CXXCPP_set=
ac_cv_env_CXXCPP_value=
ac_cv_env_CXXFLAGS_set=
ac_cv_env_CXXFLAGS_value=
ac_cv_env_CXX_set=
ac_cv_env_CXX_value=
ac_cv_env_F77_set=
ac_cv_env_F77_value=
ac_cv_env_FFLAGS_set=
ac_cv_env_FFLAGS_value=
ac_cv_env_GNOME_CFLAGS_set=
ac_cv_env_GNOME_CFLAGS_value=
ac_cv_env_GNOME_LIBS_set=
ac_cv_env_GNOME_LIBS_value=
ac_cv_env_LDFLAGS_set=
ac_cv_env_LDFLAGS_value=
ac_cv_env_LIBSIB_CFLAGS_set=
ac_cv_env_LIBSIB_CFLAGS_value=
ac_cv_env_LIBSIB_LIBS_set=
ac_cv_env_LIBSIB_LIBS_value=
ac_cv_env_LIBS_set=
ac_cv_env_LIBS_value=
ac_cv_env_PKG_CONFIG_set=
ac_cv_env_PKG_CONFIG_value=
ac_cv_env_WHITEBOARD_CFLAGS_set=
ac_cv_env_WHITEBOARD_CFLAGS_value=
ac_cv_env_WHITEBOARD_LIBS_set=
ac_cv_env_WHITEBOARD_LIBS_value=
ac_cv_env_build_alias_set=
ac_cv_env_build_alias_value=
ac_cv_env_host_alias_set=
ac_cv_env_host_alias_value=
ac_cv_env_target_alias_set=
ac_cv_env_target_alias_value=
ac_cv_f77_compiler_gnu=no
ac_cv_func_iconv=yes
ac_cv_header_cpiglet_h=yes
ac_cv_header_dlfcn_h=yes
ac_cv_header_iconv_h=yes
ac_cv_header_inttypes_h=yes
ac_cv_header_limits_h=yes
ac_cv_header_memory_h=yes
ac_cv_header_pthread_h=yes
ac_cv_header_stdc=yes
ac_cv_header_stdint_h=yes
ac_cv_header_stdlib_h=yes
ac_cv_header_string_h=yes
ac_cv_header_strings_h=yes
ac_cv_header_sys_stat_h=yes
ac_cv_header_sys_types_h=yes
ac_cv_header_unistd_h=yes
ac_cv_host=i686-pc-linux-gnu
ac_cv_lib_iconv_main=no
ac_cv_lib_piglet_main=yes
ac_cv_lib_pthread_main=yes
ac_cv_objext=o
ac_cv_path_EGREP='/bin/grep -E'
ac_cv_path_GREP=/bin/grep
ac_cv_path_ac_pt_PKG_CONFIG=/usr/bin/pkg-config
ac_cv_path_install='/usr/bin/install -c'
ac_cv_path_mkdir=/bin/mkdir
ac_cv_prog_AWK=mawk
ac_cv_prog_CPP='gcc -E'
ac_cv_prog_CXXCPP='g++ -E'
ac_cv_prog_ac_ct_AR=ar
ac_cv_prog_ac_ct_CC=gcc
ac_cv_prog_ac_ct_CXX=g++
ac_cv_prog_ac_ct_RANLIB=ranlib
ac_cv_prog_ac_ct_STRIP=strip
ac_cv_prog_cc_c89=
ac_cv_prog_cc_g=yes
ac_cv_prog_cc_gcc_c_o=yes
ac_cv_prog_cxx_g=yes
ac_cv_prog_f77_g=no
ac_cv_prog_make_make_set=yes
ac_cv_struct_tm=time.h
am_cv_CC_dependencies_compiler_type=gcc3
am_cv_CXX_dependencies_compiler_type=gcc3
lt_cv_deplibs_check_method=pass_all
lt_cv_file_magic_cmd='$MAGIC_CMD'
lt_cv_file_magic_test_file=
lt_cv_ld_reload_flag=-r
lt_cv_objdir=.libs
lt_cv_path_LD=/usr/bin/ld
lt_cv_path_LDCXX=/usr/bin/ld
lt_cv_path_NM='/usr/bin/nm -B'
lt_cv_path_SED=/bin/sed
lt_cv_prog_compiler_c_o=yes
lt_cv_prog_compiler_c_o_CXX=yes
lt_cv_prog_compiler_pic_works=yes
lt_cv_prog_compiler_pic_works_CXX=yes
lt_cv_prog_compiler_rtti_exceptions=no
lt_cv_prog_compiler_static_works=yes
lt_cv_prog_compiler_static_works_CXX=yes
lt_cv_prog_gnu_ld=yes
lt_cv_prog_gnu_ldcxx=yes
lt_cv_sys_global_symbol_pipe='sed -n -e '\''s/^.*[ 	]\([ABCDGIRSTW][ABCDGIRSTW]*\)[ 	][ 	]*\([_A-Za-z][_A-Za-z0-9]*\)$/\1 \2 \2/p'\'''
lt_cv_sys_global_symbol_to_c_name_address='sed -n -e '\''s/^: \([^ ]*\) $/  {\"\1\", (lt_ptr) 0},/p'\'' -e '\''s/^[BCDEGRST] \([^ ]*\) \([^ ]*\)$/  {"\2", (lt_ptr) \&\2},/p'\'''
lt_cv_sys_global_symbol_to_cdecl='sed -n -e '\''s/^. .* \(.*\)$/extern int \1;/p'\'''
lt_cv_sys_lib_dlsearch_path_spec='/lib /usr/lib /lib/i486-linux-gnu /usr/lib/i486-linux-gnu /usr/local/lib '
lt_cv_sys_lib_search_path_spec='/usr/lib/gcc/i486-linux-gnu/4.2.4 /usr/lib /lib'
lt_cv_sys_max_cmd_len=98304
lt_lt_cv_prog_compiler_c_o='"yes"'
lt_lt_cv_prog_compiler_c_o_CXX='"yes"'
lt_lt_cv_sys_global_symbol_pipe='"sed -n -e '\''s/^.*[ 	]\\([ABCDGIRSTW][ABCDGIRSTW]*\\)[ 	][ 	]*\\([_A-Za-z][_A-Za-z0-9]*\\)\$/\\1 \\2 \\2/p'\''"'
lt_lt_cv_sys_global_symbol_to_c_name_address='"sed -n -e '\''s/^: \\([^ ]*\\) \$/  {\\\"\\1\\\", (lt_ptr) 0},/p'\'' -e '\''s/^[BCDEGRST] \\([^ ]*\\) \\([^ ]*\\)\$/  {\"\\2\", (lt_ptr) \\&\\2},/p'\''"'
lt_lt_cv_sys_global_symbol_to_cdecl='"sed -n -e '\''s/^. .* \\(.*\\)\$/extern int \\1;/p'\''"'
pkg_cv_GNOME_CFLAGS='-I/usr/include/glib-2.0 -I/usr/lib/glib-2.0/include -I/usr/include/dbus-1.0 -I/usr/lib/dbus-1.0/include  '
pkg_cv_GNOME_LIBS='-ldbus-glib-1 -ldbus-1 -lgobject-2.0 -lglib-2.0  '
pkg_cv_LIBSIB_CFLAGS='-I/usr/local/include/sib -I/usr/local/include/whiteboard -I/usr/include/glib-2.0 -I/usr/lib/glib-2.0/include -I/usr/include/dbus-1.0 -I/usr/lib/dbus-1.0/include  '
pkg_cv_LIBSIB_LIBS='-L/usr/local/lib -lsib -lwhiteboard-util -ldbus-glib-1 -ldbus-1 -lgobject-2.0 -lglib-2.0  '
pkg_cv_WHITEBOARD_CFLAGS='-I/usr/local/include/whiteboard -I/usr/include/glib-2.0 -I/usr/lib/glib-2.0/include -I/usr/include/dbus-1.0 -I/usr/lib/dbus-1.0/include  '
pkg_cv_WHITEBOARD_LIBS='-L/usr/local/lib -lm3_parse_n_gen -lwhiteboard-util -ldbus-glib-1 -ldbus-1 -lgobject-2.0 -lglib-2.0  '

## ----------------- ##
## Output variables. ##
## ----------------- ##

ACLOCAL='${SHELL} /home/nota/PROG/C-SIB-DEV/sib-daemon/config/missing --run aclocal-1.10'
AMDEPBACKSLASH='\'
AMDEP_FALSE='#'
AMDEP_TRUE=''
AMTAR='${SHELL} /home/nota/PROG/C-SIB-DEV/sib-daemon/config/missing --run tar'
AR='ar'
ARM_FALSE='#'
ARM_TRUE=''
AUTOCONF='${SHELL} /home/nota/PROG/C-SIB-DEV/sib-daemon/config/missing --run autoconf'
AUTOHEADER='${SHELL} /home/nota/PROG/C-SIB-DEV/sib-daemon/config/missing --run autoheader'
AUTOMAKE='${SHELL} /home/nota/PROG/C-SIB-DEV/sib-daemon/config/missing --run automake-1.10'
AWK='mawk'
CC='gcc'
CCDEPMODE='depmode=gcc3'
CFLAGS='-g -O2 -Di686'
CPP='gcc -E'
CPPFLAGS=''
CXX='g++'
CXXCPP='g++ -E'
CXXDEPMODE='depmode=gcc3'
CXXFLAGS='-g -O2'
CYGPATH_W='echo'
DEBUG_FALSE='#'
DEBUG_TRUE=''
DEFS='-DHAVE_CONFIG_H'
DEPDIR='.deps'
DSYMUTIL=''
ECHO='echo'
ECHO_C=''
ECHO_N='-n'
ECHO_T=''
EGREP='/bin/grep -E'
EXEEXT=''
F77=''
FFLAGS=''
GNOME_CFLAGS='-I/usr/include/glib-2.0 -I/usr/lib/glib-2.0/include -I/usr/include/dbus-1.0 -I/usr/lib/dbus-1.0/include  '
GNOME_LIBS='-ldbus-glib-1 -ldbus-1 -lgobject-2.0 -lglib-2.0  '
GREP='/bin/grep'
INSTALL_DATA='${INSTALL} -m 644'
INSTALL_PROGRAM='${INSTALL}'
INSTALL_SCRIPT='${INSTALL}'
INSTALL_STRIP_PROGRAM='$(install_sh) -c -s'
LDFLAGS=''
LIBOBJS=''
LIBS='-lpiglet -lpthread '
LIBSIB_CFLAGS='-I/usr/local/include/sib -I/usr/local/include/whiteboard -I/usr/include/glib-2.0 -I/usr/lib/glib-2.0/include -I/usr/include/dbus-1.0 -I/usr/lib/dbus-1.0/include  '
LIBSIB_LIBS='-L/usr/local/lib -lsib -lwhiteboard-util -ldbus-glib-1 -ldbus-1 -lgobject-2.0 -lglib-2.0  '
LIBTOOL='$(SHELL) $(top_builddir)/libtool'
LN_S='ln -s'
LTLIBOBJS=''
MAKEINFO='${SHELL} /home/nota/PROG/C-SIB-DEV/sib-daemon/config/missing --run makeinfo'
NMEDIT=''
OBJEXT='o'
PACKAGE='sibd'
PACKAGE_BUGREPORT=''
PACKAGE_NAME=''
PACKAGE_STRING=''
PACKAGE_TARNAME=''
PACKAGE_VERSION=''
PATH_SEPARATOR=':'
PKG_CONFIG='/usr/bin/pkg-config'
PYTHON_CFLAGS='-I/usr/include/python2.5 -I/usr/include/python2.5 -fno-strict-aliasing -DNDEBUG -g -fwrapv -O2 -Wall -Wstrict-prototypes'
PYTHON_LIBS='-L/usr/lib/python2.5/config -lpthread -ldl -lutil -lm -lpython2.5'
PYTHON_SITE_DIR='/usr/lib/python2.5/site-packages'
RANLIB='ranlib'
SED='/bin/sed'
SET_MAKE=''
SHELL='/bin/bash'
STRIP='strip'
VERSION='0.4'
WHITEBOARD_CFLAGS='-I/usr/local/include/whiteboard -I/usr/include/glib-2.0 -I/usr/lib/glib-2.0/include -I/usr/include/dbus-1.0 -I/usr/lib/dbus-1.0/include  '
WHITEBOARD_LIBS='-L/usr/local/lib -lm3_parse_n_gen -lwhiteboard-util -ldbus-glib-1 -ldbus-1 -lgobject-2.0 -lglib-2.0  '
WQL_FALSE='#'
WQL_TRUE=''
ac_ct_CC='gcc'
ac_ct_CXX='g++'
ac_ct_F77=''
am__fastdepCC_FALSE='#'
am__fastdepCC_TRUE=''
am__fastdepCXX_FALSE='#'
am__fastdepCXX_TRUE=''
am__include='include'
am__isrc=''
am__leading_dot='.'
am__quote=''
am__tar='${AMTAR} chof - "$$tardir"'
am__untar='${AMTAR} xf -'
bindir='${exec_prefix}/bin'
build='i686-pc-linux-gnu'
build_alias=''
build_cpu='i686'
build_os='linux-gnu'
build_vendor='pc'
datadir='${datarootdir}'
datarootdir='${prefix}/share'
docdir='${datarootdir}/doc/${PACKAGE}'
dvidir='${docdir}'
exec_prefix='${prefix}'
host='i686-pc-linux-gnu'
host_alias=''
host_cpu='i686'
host_os='linux-gnu'
host_vendor='pc'
htmldir='${docdir}'
i686_FALSE='#'
i686_TRUE=''
includedir='${prefix}/include'
infodir='${datarootdir}/info'
install_sh='$(SHELL) /home/nota/PROG/C-SIB-DEV/sib-daemon/config/install-sh'
libdir='${exec_prefix}/lib'
libexecdir='${exec_prefix}/libexec'
localedir='${datarootdir}/locale'
localstatedir='${prefix}/var'
mandir='${datarootdir}/man'
mkdir_p='/bin/mkdir -p'
oldincludedir='/usr/include'
pdfdir='${docdir}'
prefix='/usr/local'
program_transform_name='s,x,x,'
psdir='${docdir}'
sbindir='${exec_prefix}/sbin'
sharedstatedir='${prefix}/com'
sysconfdir='${prefix}/etc'
target_alias=''

## ----------- ##
## confdefs.h. ##
## ----------- ##

#define PACKAGE_NAME ""
#define PACKAGE_TARNAME ""
#define PACKAGE_VERSION ""
#define PACKAGE_STRING ""
#define PACKAGE_BUGREPORT ""
#define PACKAGE "sibd"
#define VERSION "0.4"
#define STDC_HEADERS 1
#define HAVE_SYS_TYPES_H 1
#define HAVE_SYS_STAT_H 1
#define HAVE_STDLIB_H 1
#define HAVE_STRING_H 1
#define HAVE_MEMORY_H 1
#define HAVE_STRINGS_H 1
#define HAVE_INTTYPES_H 1
#define HAVE_STDINT_H 1
#define HAVE_UNISTD_H 1
#define HAVE_DLFCN_H 1
#define STDC_HEADERS 1
#define HAVE_LIMITS_H 1
#define HAVE_STDLIB_H 1
#define HAVE_STRING_H 1
#define HAVE_UNISTD_H 1
#define HAVE_ICONV 1
#define HAVE_ICONV_H 1
#define HAVE_PTHREAD_H 1
#define HAVE_LIBPTHREAD 1
#define HAVE_CPIGLET_H 1
#define HAVE_LIBPIGLET 1
#define WITH_WQL 1
#define LOCALEDIR ""

configure: exit 0
